*** Starting uWSGI 2.0.10 (64bit) on [Wed Jun 17 17:50:13 2015] ***
compiled with version: 4.7.2 on 25 May 2015 11:24:11
os: Linux-3.2.0-4-amd64 #1 SMP Debian 3.2.65-1+deb7u1
nodename: assinnata
machine: x86_64
clock source: unix
pcre jit disabled
detected number of CPU cores: 1
current working directory: /root/walletdev
detected binary path: /usr/local/bin/uwsgi
uWSGI running as root, you can use --uid/--gid/--chroot options
setuid() to 1199
*** WARNING: you are running uWSGI without its master process manager ***
your processes number limit is 3882
your memory page size is 4096 bytes
detected max file descriptor number: 1024
lock engine: pthread robust mutexes
thunder lock: disabled (you can enable it with --thunder-lock)
uwsgi socket 0 bound to TCP address 127.0.0.1:11993 fd 3
Python version: 2.7.3 (default, Mar 13 2014, 11:26:58)  [GCC 4.7.2]
Python main interpreter initialized at 0x1278370
python threads support enabled
your server socket listen backlog is limited to 100 connections
your mercy for graceful operations on workers is 60 seconds
mapped 165504 bytes (161 KB) for 10 cores
*** Operational MODE: threaded ***
Traceback (most recent call last):
  File "/etc/dnet/scripts/master.py", line 2, in <module>
    import deersrv
ImportError: No module named deersrv
unable to load app 0 (mountpoint='') (callable not found or import error)
*** no app loaded. going in full dynamic mode ***
*** uWSGI is running in multiple interpreter mode ***
spawned uWSGI worker 1 (and the only) (pid: 3044, cores: 10)
*** Starting uWSGI 2.0.10 (64bit) on [Wed Jun 17 18:27:22 2015] ***
compiled with version: 4.7.2 on 25 May 2015 11:24:11
os: Linux-3.2.0-4-amd64 #1 SMP Debian 3.2.65-1+deb7u1
nodename: assinnata
machine: x86_64
clock source: unix
pcre jit disabled
detected number of CPU cores: 1
current working directory: /root/walletdev
detected binary path: /usr/local/bin/uwsgi
uWSGI running as root, you can use --uid/--gid/--chroot options
setuid() to 1199
*** WARNING: you are running uWSGI without its master process manager ***
your processes number limit is 3882
your memory page size is 4096 bytes
detected max file descriptor number: 1024
lock engine: pthread robust mutexes
thunder lock: disabled (you can enable it with --thunder-lock)
uwsgi socket 0 bound to TCP address 127.0.0.1:11993 fd 3
Python version: 2.7.3 (default, Mar 13 2014, 11:26:58)  [GCC 4.7.2]
Python main interpreter initialized at 0xd9f370
python threads support enabled
your server socket listen backlog is limited to 100 connections
your mercy for graceful operations on workers is 60 seconds
mapped 165504 bytes (161 KB) for 10 cores
*** Operational MODE: threaded ***
Traceback (most recent call last):
  File "/etc/dnet/scripts/master.py", line 2, in <module>
    import deersrv
ImportError: No module named deersrv
unable to load app 0 (mountpoint='') (callable not found or import error)
*** no app loaded. going in full dynamic mode ***
*** uWSGI is running in multiple interpreter mode ***
spawned uWSGI worker 1 (and the only) (pid: 30664, cores: 10)
*** Starting uWSGI 2.0.10 (64bit) on [Wed Jun 17 18:43:39 2015] ***
compiled with version: 4.7.2 on 25 May 2015 11:24:11
os: Linux-3.2.0-4-amd64 #1 SMP Debian 3.2.65-1+deb7u1
nodename: assinnata
machine: x86_64
clock source: unix
pcre jit disabled
detected number of CPU cores: 1
current working directory: /root/walletdev
detected binary path: /usr/local/bin/uwsgi
uWSGI running as root, you can use --uid/--gid/--chroot options
setuid() to 1199
*** WARNING: you are running uWSGI without its master process manager ***
your processes number limit is 3882
your memory page size is 4096 bytes
detected max file descriptor number: 1024
lock engine: pthread robust mutexes
thunder lock: disabled (you can enable it with --thunder-lock)
uwsgi socket 0 bound to TCP address 127.0.0.1:11993 fd 3
Python version: 2.7.3 (default, Mar 13 2014, 11:26:58)  [GCC 4.7.2]
Python main interpreter initialized at 0x1aae370
python threads support enabled
your server socket listen backlog is limited to 100 connections
your mercy for graceful operations on workers is 60 seconds
mapped 165504 bytes (161 KB) for 10 cores
*** Operational MODE: threaded ***
Traceback (most recent call last):
  File "/etc/dnet/scripts/master.py", line 2, in <module>
    import deersrv
ImportError: No module named deersrv
unable to load app 0 (mountpoint='') (callable not found or import error)
*** no app loaded. going in full dynamic mode ***
*** uWSGI is running in multiple interpreter mode ***
spawned uWSGI worker 1 (and the only) (pid: 5671, cores: 10)
